#
# There is insufficient memory for the Java Runtime Environment to continue.
# Native memory allocation (mmap) failed to map 266338304 bytes for G1 virtual space
# Possible reasons:
#   The system is out of physical RAM or swap space
#   The process is running with CompressedOops enabled, and the Java Heap may be blocking the growth of the native heap
# Possible solutions:
#   Reduce memory load on the system
#   Increase physical memory or swap space
#   Check if swap backing store is full
#   Decrease Java heap size (-Xmx/-Xms)
#   Decrease number of Java threads
#   Decrease Java thread stack sizes (-Xss)
#   Set larger code cache with -XX:ReservedCodeCacheSize=
#   JVM is running with Zero Based Compressed Oops mode in which the Java heap is
#     placed in the first 32GB address space. The Java Heap base address is the
#     maximum limit for the native heap growth. Please use -XX:HeapBaseMinAddress
#     to set the Java Heap base and to place the Java Heap above 32GB virtual address.
# This output file may be truncated or incomplete.
#
#  Out of Memory Error (os_windows.cpp:3600), pid=20616, tid=22516
#
# JRE version:  (21.0.2+13) (build )
# Java VM: Java HotSpot(TM) 64-Bit Server VM (21.0.2+13-LTS-58, mixed mode, sharing, tiered, compressed oops, compressed class ptrs, g1 gc, windows-amd64)
# No core dump will be written. Minidumps are not enabled by default on client versions of Windows
#

---------------  S U M M A R Y ------------

Command Line: -Dfile.encoding=UTF-8 --enable-preview --module-path=D:\NetBeansProject\HostelAdm\build\classes StudentFee

Host: 11th Gen Intel(R) Core(TM) i5-11320H @ 3.20GHz, 8 cores, 15G,  Windows 11 , 64 bit Build 22621 (10.0.22621.2506)
Time: Sat Mar  2 14:41:29 2024 India Standard Time elapsed time: 0.011895 seconds (0d 0h 0m 0s)

---------------  T H R E A D  ---------------

Current thread (0x0000024c0b69ae20):  JavaThread "Unknown thread" [_thread_in_vm, id=22516, stack(0x0000006d78e00000,0x0000006d78f00000) (1024K)]

Stack: [0x0000006d78e00000,0x0000006d78f00000]
Native frames: (J=compiled Java code, j=interpreted, Vv=VM code, C=native code)
V  [jvm.dll+0x6cade9]
V  [jvm.dll+0x8569c1]
V  [jvm.dll+0x858d2e]
V  [jvm.dll+0x859413]
V  [jvm.dll+0x280e56]
V  [jvm.dll+0x6c74d5]
V  [jvm.dll+0x6bbeca]
V  [jvm.dll+0x355bca]
V  [jvm.dll+0x35d816]
V  [jvm.dll+0x3ae67e]
V  [jvm.dll+0x3ae928]
V  [jvm.dll+0x3295dc]
V  [jvm.dll+0x32a16b]
V  [jvm.dll+0x81efa9]
V  [jvm.dll+0x3bba01]
V  [jvm.dll+0x807928]
V  [jvm.dll+0x44f50e]
V  [jvm.dll+0x450e11]
C  [jli.dll+0x52a3]
C  [ucrtbase.dll+0x29363]
C  [KERNEL32.DLL+0x1257d]
C  [ntdll.dll+0x5aa58]


---------------  P R O C E S S  ---------------

Threads class SMR info:
_java_thread_list=0x00007ff9d3a9bb88, length=0, elements={
}

Java Threads: ( => current thread )
Total: 0

Other Threads:
  0x0000024c0d87bc30 WorkerThread "GC Thread#0"                     [id=10196, stack(0x0000006d78f00000,0x0000006d79000000) (1024K)]
  0x0000024c0d88c830 ConcurrentGCThread "G1 Main Marker"            [id=936, stack(0x0000006d79000000,0x0000006d79100000) (1024K)]
  0x0000024c0d88d3f0 WorkerThread "G1 Conc#0"                       [id=10256, stack(0x0000006d79100000,0x0000006d79200000) (1024K)]

[error occurred during error reporting (printing all threads), id 0xc0000005, EXCEPTION_ACCESS_VIOLATION (0xc0000005) at pc=0x00007ff9d320c6a7]
VM state: not at safepoint (not fully initialized)

VM Mutex/Monitor currently owned by a thread:  ([mutex/lock_event])
[0x00007ff9d3b0ce68] Heap_lock - owner thread: 0x0000024c0b69ae20

Heap address: 0x0000000703600000, size: 4042 MB, Compressed Oops mode: Zero based, Oop shift amount: 3

CDS archive(s) mapped at: [0x0000000000000000-0x0000000000000000-0x0000000000000000), size 0, SharedBaseAddress: 0x0000000800000000, ArchiveRelocationMode: 1.
Narrow klass base: 0x0000000000000000, Narrow klass shift: 0, Narrow klass range: 0x0

GC Precious Log:
 CardTable entry size: 512
 Card Set container configuration: InlinePtr #cards 4 size 8 Array Of Cards #cards 16 size 48 Howl #buckets 8 coarsen threshold 3686 Howl Bitmap #cards 512 size 80 coarsen threshold 460 Card regions per heap region 1 cards per card region 4096

Heap:
 garbage-first heap   total 0K, used 0K [0x0000000703600000, 0x0000000800000000)
  region size 2048K, 0 young (0K), 0 survivors (0K)

[error occurred during error reporting (printing heap information), id 0xc0000005, EXCEPTION_ACCESS_VIOLATION (0xc0000005) at pc=0x00007ff9d35f39f9]
GC Heap History (0 events):
No events

Dll operation events (1 events):
Event: 0.008 Loaded shared library D:\Java\bin\java.dll

Deoptimization events (0 events):
No events

Classes loaded (0 events):
No events

Classes unloaded (0 events):
No events

Classes redefined (0 events):
No events

Internal exceptions (0 events):
No events

ZGC Phase Switch (0 events):
No events

VM Operations (0 events):
No events

Events (0 events):
No events


Dynamic libraries:
0x00007ff773610000 - 0x00007ff773620000 	D:\Java\bin\java.exe
0x00007ffa17610000 - 0x00007ffa17827000 	C:\WINDOWS\SYSTEM32\ntdll.dll
0x00007ffa15e90000 - 0x00007ffa15f54000 	C:\WINDOWS\System32\KERNEL32.DLL
0x00007ffa14b40000 - 0x00007ffa14ee6000 	C:\WINDOWS\System32\KERNELBASE.dll
0x00007ffa15060000 - 0x00007ffa15171000 	C:\WINDOWS\System32\ucrtbase.dll
0x00007ffa126c0000 - 0x00007ffa126d9000 	D:\Java\bin\jli.dll
0x00007ffa17500000 - 0x00007ffa175b3000 	C:\WINDOWS\System32\ADVAPI32.dll
0x00007ffa08640000 - 0x00007ffa0865b000 	D:\Java\bin\VCRUNTIME140.dll
0x00007ffa16bd0000 - 0x00007ffa16c77000 	C:\WINDOWS\System32\msvcrt.dll
0x00007ffa15560000 - 0x00007ffa15608000 	C:\WINDOWS\System32\sechost.dll
0x00007ffa14aa0000 - 0x00007ffa14ac8000 	C:\WINDOWS\System32\bcrypt.dll
0x00007ffa15820000 - 0x00007ffa15937000 	C:\WINDOWS\System32\RPCRT4.dll
0x00007ffa15b10000 - 0x00007ffa15cbe000 	C:\WINDOWS\System32\USER32.dll
0x00007ffa14950000 - 0x00007ffa14976000 	C:\WINDOWS\System32\win32u.dll
0x00007ffa17240000 - 0x00007ffa17269000 	C:\WINDOWS\System32\GDI32.dll
0x00007ffa14980000 - 0x00007ffa14a98000 	C:\WINDOWS\System32\gdi32full.dll
0x00007ff9ff680000 - 0x00007ff9ff913000 	C:\WINDOWS\WinSxS\amd64_microsoft.windows.common-controls_6595b64144ccf1df_6.0.22621.2506_none_270c5ae97388e100\COMCTL32.dll
0x00007ffa152c0000 - 0x00007ffa1535a000 	C:\WINDOWS\System32\msvcp_win.dll
0x00007ffa031a0000 - 0x00007ffa031aa000 	C:\WINDOWS\SYSTEM32\VERSION.dll
0x00007ffa17430000 - 0x00007ffa17461000 	C:\WINDOWS\System32\IMM32.DLL
0x00007ffa0f4a0000 - 0x00007ffa0f4ac000 	D:\Java\bin\vcruntime140_1.dll
0x00007ff9c9f30000 - 0x00007ff9c9fbe000 	D:\Java\bin\msvcp140.dll
0x00007ff9d2ed0000 - 0x00007ff9d3be7000 	D:\Java\bin\server\jvm.dll
0x00007ffa162f0000 - 0x00007ffa16361000 	C:\WINDOWS\System32\WS2_32.dll
0x00007ffa14770000 - 0x00007ffa147bd000 	C:\WINDOWS\SYSTEM32\POWRPROF.dll
0x00007ffa123d0000 - 0x00007ffa12404000 	C:\WINDOWS\SYSTEM32\WINMM.dll
0x00007ffa14650000 - 0x00007ffa14663000 	C:\WINDOWS\SYSTEM32\UMPDC.dll
0x00007ffa13940000 - 0x00007ffa13958000 	C:\WINDOWS\SYSTEM32\kernel.appcore.dll
0x00007ffa0ce70000 - 0x00007ffa0ce7a000 	D:\Java\bin\jimage.dll
0x00007ffa12190000 - 0x00007ffa123c3000 	C:\WINDOWS\SYSTEM32\DBGHELP.DLL
0x00007ffa15f60000 - 0x00007ffa162e9000 	C:\WINDOWS\System32\combase.dll
0x00007ffa15610000 - 0x00007ffa156e7000 	C:\WINDOWS\System32\OLEAUT32.dll
0x00007ffa12150000 - 0x00007ffa12182000 	C:\WINDOWS\SYSTEM32\dbgcore.DLL
0x00007ffa15180000 - 0x00007ffa151fa000 	C:\WINDOWS\System32\bcryptPrimitives.dll
0x00007ffa08620000 - 0x00007ffa0863f000 	D:\Java\bin\java.dll

dbghelp: loaded successfully - version: 4.0.5 - missing functions: none
symbol engine: initialized successfully - sym options: 0x614 - pdb path: .;D:\Java\bin;C:\WINDOWS\SYSTEM32;C:\WINDOWS\WinSxS\amd64_microsoft.windows.common-controls_6595b64144ccf1df_6.0.22621.2506_none_270c5ae97388e100;D:\Java\bin\server

VM Arguments:
jvm_args: -Dfile.encoding=UTF-8 --enable-preview --module-path=D:\NetBeansProject\HostelAdm\build\classes 
java_command: StudentFee
java_class_path (initial): D:\NetBeans-20\netbeans\java\modules\ext\AbsoluteLayout.jar;D:\MySqlJava\mysql-connector-j-8.3.0\mysql-connector-j-8.3.0.jar;D:\NetBeansProject\HostelAdm\build\classes
Launcher Type: SUN_STANDARD

[Global flags]
     intx CICompilerCount                          = 4                                         {product} {ergonomic}
     uint ConcGCThreads                            = 2                                         {product} {ergonomic}
     uint G1ConcRefinementThreads                  = 8                                         {product} {ergonomic}
   size_t G1HeapRegionSize                         = 2097152                                   {product} {ergonomic}
    uintx GCDrainStackTargetSize                   = 64                                        {product} {ergonomic}
   size_t InitialHeapSize                          = 266338304                                 {product} {ergonomic}
   size_t MarkStackSize                            = 4194304                                   {product} {ergonomic}
   size_t MaxHeapSize                              = 4238344192                                {product} {ergonomic}
   size_t MinHeapDeltaBytes                        = 2097152                                   {product} {ergonomic}
   size_t MinHeapSize                              = 8388608                                   {product} {ergonomic}
    uintx NonNMethodCodeHeapSize                   = 5839372                                {pd product} {ergonomic}
    uintx NonProfiledCodeHeapSize                  = 122909434                              {pd product} {ergonomic}
    uintx ProfiledCodeHeapSize                     = 122909434                              {pd product} {ergonomic}
    uintx ReservedCodeCacheSize                    = 251658240                              {pd product} {ergonomic}
     bool SegmentedCodeCache                       = true                                      {product} {ergonomic}
   size_t SoftMaxHeapSize                          = 4238344192                             {manageable} {ergonomic}
     bool UseCompressedOops                        = true                           {product lp64_product} {ergonomic}
     bool UseG1GC                                  = true                                      {product} {ergonomic}
     bool UseLargePagesIndividualAllocation        = false                                  {pd product} {ergonomic}

Logging:
Log output configuration:
 #0: stdout all=warning uptime,level,tags foldmultilines=false
 #1: stderr all=off uptime,level,tags foldmultilines=false

Environment Variables:
PATH=C:\Program Files\Common Files\Oracle\Java\javapath;C:\WINDOWS\system32;C:\WINDOWS;C:\WINDOWS\System32\Wbem;C:\WINDOWS\System32\WindowsPowerShell\v1.0\;C:\WINDOWS\System32\OpenSSH\;C:\MinGW\bin;C:\Program Files\nodejs\;C:\ProgramData\chocolatey\bin;C:\Program Files\Git\cmd;D:\Java\bin;C:\Program Files\MySQL\MySQL Shell 8.0\bin\;C:\Users\kunji\AppData\Local\Programs\Python\Python311\Scripts\;C:\Users\kunji\AppData\Local\Programs\Python\Python311\;C:\Users\kunji\anaconda3\anaconda;C:\Users\kunji\anaconda3\anaconda\Library\mingw-w64\bin;C:\Users\kunji\anaconda3\anaconda\Library\usr\bin;C:\Users\kunji\anaconda3\anaconda\Library\bin;C:\Users\kunji\anaconda3\anaconda\Scripts;C:\Users\kunji\AppData\Local\Microsoft\WindowsApps;C:\Users\kunji\AppData\Local\Programs\Microsoft VS Code\bin;C:\MinGW\bin;C:\Users\kunji\AppData\Local\Programs\MiKTeX\miktex\bin\x64\;C:\Users\kunji\AppData\Roaming\npm;D:\PyCharm 2023.3.3\bin;
USERNAME=kunji
OS=Windows_NT
PROCESSOR_IDENTIFIER=Intel64 Family 6 Model 140 Stepping 2, GenuineIntel
TMP=C:\Users\kunji\AppData\Local\Temp
TEMP=C:\Users\kunji\AppData\Local\Temp




Periodic native trim disabled

---------------  S Y S T E M  ---------------

OS:
 Windows 11 , 64 bit Build 22621 (10.0.22621.2506)
OS uptime: 10 days 16:44 hours
Hyper-V role detected

CPU: total 8 (initial active 8) (4 cores per cpu, 2 threads per core) family 6 model 140 stepping 2 microcode 0x22, cx8, cmov, fxsr, ht, mmx, 3dnowpref, sse, sse2, sse3, ssse3, sse4.1, sse4.2, popcnt, lzcnt, tsc, tscinvbit, avx, avx2, aes, erms, clmul, bmi1, bmi2, adx, avx512f, avx512dq, avx512cd, avx512bw, avx512vl, sha, fma, vzeroupper, avx512_vpopcntdq, avx512_vpclmulqdq, avx512_vaes, avx512_vnni, clflush, clflushopt, clwb, avx512_vbmi2, avx512_vbmi, hv, rdtscp, rdpid, fsrm, gfni, avx512_bitalg, f16c, cet_ibt, cet_ss, avx512_ifma
Processor Information for all 8 processors :
  Max Mhz: 3187, Current Mhz: 3187, Mhz Limit: 3187

Memory: 4k page, system-wide physical 16167M (6406M free)
TotalPageFile size 22277M (AvailPageFile size 119M)
current process WorkingSet (physical memory assigned to process): 11M, peak: 11M
current process commit charge ("private bytes"): 60M, peak: 314M

vm_info: Java HotSpot(TM) 64-Bit Server VM (21.0.2+13-LTS-58) for windows-amd64 JRE (21.0.2+13-LTS-58), built on 2024-01-05T18:32:24Z by "mach5one" with MS VC++ 17.1 (VS2022)

END.
